<?xml version="1.0" encoding="UTF-8"?>
<!-- Generated by org.testng.reporters.JUnitReportReporter -->
<testsuite hostname="anode" name="testng.Tests3_03_02" tests="1" failures="0" timestamp="22 Feb 2018 09:42:55 GMT" time="7.348" errors="0">
  <testcase name="testEasy" time="7.348" classname="testng.Tests3_03_02"/>
</testsuite> <!-- testng.Tests3_03_02 -->
