<?xml version="1.0" encoding="UTF-8"?>
<!-- Generated by org.testng.reporters.JUnitReportReporter -->
<testsuite skipped="0" hostname="anode" name="testng.Tests" tests="2" failures="0" timestamp="23 апр 2019 12:35:47 GMT" time="16.607" errors="0">
  <testcase name="testEasy2" time="2.784" classname="testng.Tests"/>
  <testcase name="testEasy7" time="13.823" classname="testng.Tests"/>
</testsuite> <!-- testng.Tests -->
