<?xml version="1.0" encoding="UTF-8"?>
<!-- Generated by org.testng.reporters.JUnitReportReporter -->
<testsuite hostname="anode" name="testng.Tests" tests="1" failures="0" timestamp="23 Apr 2019 07:56:50 GMT" time="21.607" errors="0">
  <testcase name="testEasy" time="21.607" classname="testng.Tests"/>
</testsuite> <!-- testng.Tests -->
